<?xml version="1.0" encoding="UTF-8"?>
<!-- Generated by org.testng.reporters.JUnitReportReporter -->
<testsuite hostname="DESKTOP-R1NCR26" failures="0" tests="2" name="DataDrivenTest.DataDrivenFrameworkConceptInTestNG" time="39.843" errors="0" timestamp="2022-01-08T07:51:15 GMT-05:00" skipped="0">
  <testcase classname="DataDrivenTest.DataDrivenFrameworkConceptInTestNG" name="AutomationPracticeSignInTest" time="20.439"/>
  <system-out/>
  <testcase classname="DataDrivenTest.DataDrivenFrameworkConceptInTestNG" name="AutomationPracticeSignInTest" time="19.404"/>
  <system-out/>
</testsuite> <!-- DataDrivenTest.DataDrivenFrameworkConceptInTestNG -->
